<?xml version="1.0" encoding="UTF-8"?>
<!-- Generated by org.testng.reporters.JUnitReportReporter -->
<testsuite hostname="DESKTOP-FGBLTQK" failures="0" tests="1" name="testExp.checkng" time="0.020" errors="0" timestamp="2022-06-23T21:30:56 IST" skipped="0">
  <testcase classname="testExp.checkng" name="main" time="0.020"/>
  <system-out/>
</testsuite> <!-- testExp.checkng -->
