<?xml version="1.0" encoding="UTF-8"?>
<!-- Generated by org.testng.reporters.JUnitReportReporter -->
<testsuite hostname="DESKTOP-FGBLTQK" failures="0" tests="1" name="testExp.SelIntroduction" time="135.037" errors="0" timestamp="2022-06-24T00:53:01 IST" skipped="0">
  <testcase classname="testExp.SelIntroduction" name="main" time="135.037"/>
  <system-out/>
</testsuite> <!-- testExp.SelIntroduction -->
